# JRE version: OpenJDK Runtime Environment (14.0.1+7) (build 14.0.1+7-Ubuntu-1ubuntu1)
# Java VM: OpenJDK 64-Bit Server VM (14.0.1+7-Ubuntu-1ubuntu1, mixed mode, sharing, tiered, compressed oops, serial gc, linux-amd64)
Heap:
 def new generation   total 3840K, used 3456K [0x00000000f8200000, 0x00000000f8620000, 0x00000000fac00000)
  eden space 3456K, 100% used [0x00000000f8200000, 0x00000000f8560000, 0x00000000f8560000)
  from space 384K,   0% used [0x00000000f8560000, 0x00000000f8560238, 0x00000000f85c0000)
  to   space 384K,   0% used [0x00000000f85c0000, 0x00000000f85c0000, 0x00000000f8620000)
 tenured generation   total 8268K, used 5060K [0x00000000fac00000, 0x00000000fb413000, 0x0000000100000000)
   the space 8268K,  61% used [0x00000000fac00000, 0x00000000fb0f1008, 0x00000000fb0f1200, 0x00000000fb413000)
 Metaspace       used 14147K, capacity 14468K, committed 14720K, reserved 1062912K
  class space    used 1475K, capacity 1588K, committed 1664K, reserved 1048576K
GC Heap History (20 events):
Event: 5263148.386 GC heap before
{Heap before GC invocations=2147487463 (full 14):
 def new generation   total 3840K, used 3457K [0x00000000f8200000, 0x00000000f8620000, 0x00000000fac00000)
  eden space 3456K, 100% used [0x00000000f8200000, 0x00000000f8560000, 0x00000000f8560000)
  from space 384K,   0% used [0x00000000f8560000, 0x00000000f85605b0, 0x00000000f85c0000)
  to   space 384K,   0% used [0x00000000f85c0000, 0x00000000f85c0000, 0x00000000f8620000)
 tenured generation   total 8268K, used 5060K [0x00000000fac00000, 0x00000000fb413000, 0x0000000100000000)
   the space 8268K,  61% used [0x00000000fac00000, 0x00000000fb0f1008, 0x00000000fb0f1200, 0x00000000fb413000)
 Metaspace       used 14147K, capacity 14468K, committed 14720K, reserved 1062912K
  class space    used 1475K, capacity 1588K, committed 1664K, reserved 1048576K
}
Event: 5263148.386 GC heap after
{Heap after GC invocations=2147487464 (full 14):
 def new generation   total 3840K, used 1K [0x00000000f8200000, 0x00000000f8620000, 0x00000000fac00000)
  eden space 3456K,   0% used [0x00000000f8200000, 0x00000000f8200000, 0x00000000f8560000)
  from space 384K,   0% used [0x00000000f85c0000, 0x00000000f85c05b0, 0x00000000f8620000)
  to   space 384K,   0% used [0x00000000f8560000, 0x00000000f8560000, 0x00000000f85c0000)
 tenured generation   total 8268K, used 5060K [0x00000000fac00000, 0x00000000fb413000, 0x0000000100000000)
   the space 8268K,  61% used [0x00000000fac00000, 0x00000000fb0f1008, 0x00000000fb0f1200, 0x00000000fb413000)
 Metaspace       used 14147K, capacity 14468K, committed 14720K, reserved 1062912K
  class space    used 1475K, capacity 1588K, committed 1664K, reserved 1048576K
}
Event: 5263148.388 GC heap before
{Heap before GC invocations=2147487464 (full 14):
 def new generation   total 3840K, used 3457K [0x00000000f8200000, 0x00000000f8620000, 0x00000000fac00000)
  eden space 3456K, 100% used [0x00000000f8200000, 0x00000000f8560000, 0x00000000f8560000)
  from space 384K,   0% used [0x00000000f85c0000, 0x00000000f85c05b0, 0x00000000f8620000)
  to   space 384K,   0% used [0x00000000f8560000, 0x00000000f8560000, 0x00000000f85c0000)
 tenured generation   total 8268K, used 5060K [0x00000000fac00000, 0x00000000fb413000, 0x0000000100000000)
   the space 8268K,  61% used [0x00000000fac00000, 0x00000000fb0f1008, 0x00000000fb0f1200, 0x00000000fb413000)
 Metaspace       used 14147K, capacity 14468K, committed 14720K, reserved 1062912K
  class space    used 1475K, capacity 1588K, committed 1664K, reserved 1048576K
}
Event: 5263148.388 GC heap after
{Heap after GC invocations=2147487465 (full 14):
 def new generation   total 3840K, used 1K [0x00000000f8200000, 0x00000000f8620000, 0x00000000fac00000)
  eden space 3456K,   0% used [0x00000000f8200000, 0x00000000f8200000, 0x00000000f8560000)
  from space 384K,   0% used [0x00000000f8560000, 0x00000000f85605b0, 0x00000000f85c0000)
  to   space 384K,   0% used [0x00000000f85c0000, 0x00000000f85c0000, 0x00000000f8620000)
 tenured generation   total 8268K, used 5060K [0x00000000fac00000, 0x00000000fb413000, 0x0000000100000000)
   the space 8268K,  61% used [0x00000000fac00000, 0x00000000fb0f1008, 0x00000000fb0f1200, 0x00000000fb413000)
 Metaspace       used 14147K, capacity 14468K, committed 14720K, reserved 1062912K
  class space    used 1475K, capacity 1588K, committed 1664K, reserved 1048576K
}
Event: 5263148.391 GC heap before
{Heap before GC invocations=2147487465 (full 14):
 def new generation   total 3840K, used 3457K [0x00000000f8200000, 0x00000000f8620000, 0x00000000fac00000)
  eden space 3456K, 100% used [0x00000000f8200000, 0x00000000f8560000, 0x00000000f8560000)
  from space 384K,   0% used [0x00000000f8560000, 0x00000000f85605b0, 0x00000000f85c0000)
  to   space 384K,   0% used [0x00000000f85c0000, 0x00000000f85c0000, 0x00000000f8620000)
 tenured generation   total 8268K, used 5060K [0x00000000fac00000, 0x00000000fb413000, 0x0000000100000000)
   the space 8268K,  61% used [0x00000000fac00000, 0x00000000fb0f1008, 0x00000000fb0f1200, 0x00000000fb413000)
 Metaspace       used 14147K, capacity 14468K, committed 14720K, reserved 1062912K
  class space    used 1475K, capacity 1588K, committed 1664K, reserved 1048576K
}
Event: 5263148.391 GC heap after
{Heap after GC invocations=2147487466 (full 14):
 def new generation   total 3840K, used 1K [0x00000000f8200000, 0x00000000f8620000, 0x00000000fac00000)
  eden space 3456K,   0% used [0x00000000f8200000, 0x00000000f8200000, 0x00000000f8560000)
  from space 384K,   0% used [0x00000000f85c0000, 0x00000000f85c0440, 0x00000000f8620000)
  to   space 384K,   0% used [0x00000000f8560000, 0x00000000f8560000, 0x00000000f85c0000)
 tenured generation   total 8268K, used 5060K [0x00000000fac00000, 0x00000000fb413000, 0x0000000100000000)
   the space 8268K,  61% used [0x00000000fac00000, 0x00000000fb0f1008, 0x00000000fb0f1200, 0x00000000fb413000)
 Metaspace       used 14147K, capacity 14468K, committed 14720K, reserved 1062912K
  class space    used 1475K, capacity 1588K, committed 1664K, reserved 1048576K
}
Event: 5263148.393 GC heap before
{Heap before GC invocations=2147487466 (full 14):
 def new generation   total 3840K, used 3457K [0x00000000f8200000, 0x00000000f8620000, 0x00000000fac00000)
  eden space 3456K, 100% used [0x00000000f8200000, 0x00000000f8560000, 0x00000000f8560000)
  from space 384K,   0% used [0x00000000f85c0000, 0x00000000f85c0440, 0x00000000f8620000)
  to   space 384K,   0% used [0x00000000f8560000, 0x00000000f8560000, 0x00000000f85c0000)
 tenured generation   total 8268K, used 5060K [0x00000000fac00000, 0x00000000fb413000, 0x0000000100000000)
   the space 8268K,  61% used [0x00000000fac00000, 0x00000000fb0f1008, 0x00000000fb0f1200, 0x00000000fb413000)
 Metaspace       used 14147K, capacity 14468K, committed 14720K, reserved 1062912K
  class space    used 1475K, capacity 1588K, committed 1664K, reserved 1048576K
}
Event: 5263148.394 GC heap after
{Heap after GC invocations=2147487467 (full 14):
 def new generation   total 3840K, used 0K [0x00000000f8200000, 0x00000000f8620000, 0x00000000fac00000)
  eden space 3456K,   0% used [0x00000000f8200000, 0x00000000f8200000, 0x00000000f8560000)
  from space 384K,   0% used [0x00000000f8560000, 0x00000000f8560238, 0x00000000f85c0000)
  to   space 384K,   0% used [0x00000000f85c0000, 0x00000000f85c0000, 0x00000000f8620000)
 tenured generation   total 8268K, used 5060K [0x00000000fac00000, 0x00000000fb413000, 0x0000000100000000)
   the space 8268K,  61% used [0x00000000fac00000, 0x00000000fb0f1008, 0x00000000fb0f1200, 0x00000000fb413000)
 Metaspace       used 14147K, capacity 14468K, committed 14720K, reserved 1062912K
  class space    used 1475K, capacity 1588K, committed 1664K, reserved 1048576K
}
Event: 5263148.396 GC heap before
{Heap before GC invocations=2147487467 (full 14):
 def new generation   total 3840K, used 3456K [0x00000000f8200000, 0x00000000f8620000, 0x00000000fac00000)
  eden space 3456K, 100% used [0x00000000f8200000, 0x00000000f8560000, 0x00000000f8560000)
  from space 384K,   0% used [0x00000000f8560000, 0x00000000f8560238, 0x00000000f85c0000)
  to   space 384K,   0% used [0x00000000f85c0000, 0x00000000f85c0000, 0x00000000f8620000)
 tenured generation   total 8268K, used 5060K [0x00000000fac00000, 0x00000000fb413000, 0x0000000100000000)
   the space 8268K,  61% used [0x00000000fac00000, 0x00000000fb0f1008, 0x00000000fb0f1200, 0x00000000fb413000)
 Metaspace       used 14147K, capacity 14468K, committed 14720K, reserved 1062912K
  class space    used 1475K, capacity 1588K, committed 1664K, reserved 1048576K
}
Event: 5263148.396 GC heap after
{Heap after GC invocations=2147487468 (full 14):
 def new generation   total 3840K, used 0K [0x00000000f8200000, 0x00000000f8620000, 0x00000000fac00000)
  eden space 3456K,   0% used [0x00000000f8200000, 0x00000000f8200000, 0x00000000f8560000)
  from space 384K,   0% used [0x00000000f85c0000, 0x00000000f85c0078, 0x00000000f8620000)
  to   space 384K,   0% used [0x00000000f8560000, 0x00000000f8560000, 0x00000000f85c0000)
 tenured generation   total 8268K, used 5060K [0x00000000fac00000, 0x00000000fb413000, 0x0000000100000000)
   the space 8268K,  61% used [0x00000000fac00000, 0x00000000fb0f1008, 0x00000000fb0f1200, 0x00000000fb413000)
 Metaspace       used 14147K, capacity 14468K, committed 14720K, reserved 1062912K
  class space    used 1475K, capacity 1588K, committed 1664K, reserved 1048576K
}
Event: 5263148.399 GC heap before
{Heap before GC invocations=2147487468 (full 14):
 def new generation   total 3840K, used 3456K [0x00000000f8200000, 0x00000000f8620000, 0x00000000fac00000)
  eden space 3456K, 100% used [0x00000000f8200000, 0x00000000f8560000, 0x00000000f8560000)
  from space 384K,   0% used [0x00000000f85c0000, 0x00000000f85c0078, 0x00000000f8620000)
  to   space 384K,   0% used [0x00000000f8560000, 0x00000000f8560000, 0x00000000f85c0000)
 tenured generation   total 8268K, used 5060K [0x00000000fac00000, 0x00000000fb413000, 0x0000000100000000)
   the space 8268K,  61% used [0x00000000fac00000, 0x00000000fb0f1008, 0x00000000fb0f1200, 0x00000000fb413000)
 Metaspace       used 14147K, capacity 14468K, committed 14720K, reserved 1062912K
  class space    used 1475K, capacity 1588K, committed 1664K, reserved 1048576K
}
Event: 5263148.399 GC heap after
{Heap after GC invocations=2147487469 (full 14):
 def new generation   total 3840K, used 1K [0x00000000f8200000, 0x00000000f8620000, 0x00000000fac00000)
  eden space 3456K,   0% used [0x00000000f8200000, 0x00000000f8200000, 0x00000000f8560000)
  from space 384K,   0% used [0x00000000f8560000, 0x00000000f85605b0, 0x00000000f85c0000)
  to   space 384K,   0% used [0x00000000f85c0000, 0x00000000f85c0000, 0x00000000f8620000)
 tenured generation   total 8268K, used 5060K [0x00000000fac00000, 0x00000000fb413000, 0x0000000100000000)
   the space 8268K,  61% used [0x00000000fac00000, 0x00000000fb0f1008, 0x00000000fb0f1200, 0x00000000fb413000)
 Metaspace       used 14147K, capacity 14468K, committed 14720K, reserved 1062912K
  class space    used 1475K, capacity 1588K, committed 1664K, reserved 1048576K
}
Event: 5263148.401 GC heap before
{Heap before GC invocations=2147487469 (full 14):
 def new generation   total 3840K, used 3457K [0x00000000f8200000, 0x00000000f8620000, 0x00000000fac00000)
  eden space 3456K, 100% used [0x00000000f8200000, 0x00000000f8560000, 0x00000000f8560000)
  from space 384K,   0% used [0x00000000f8560000, 0x00000000f85605b0, 0x00000000f85c0000)
  to   space 384K,   0% used [0x00000000f85c0000, 0x00000000f85c0000, 0x00000000f8620000)
 tenured generation   total 8268K, used 5060K [0x00000000fac00000, 0x00000000fb413000, 0x0000000100000000)
   the space 8268K,  61% used [0x00000000fac00000, 0x00000000fb0f1008, 0x00000000fb0f1200, 0x00000000fb413000)
 Metaspace       used 14147K, capacity 14468K, committed 14720K, reserved 1062912K
  class space    used 1475K, capacity 1588K, committed 1664K, reserved 1048576K
}
Event: 5263148.401 GC heap after
{Heap after GC invocations=2147487470 (full 14):
 def new generation   total 3840K, used 1K [0x00000000f8200000, 0x00000000f8620000, 0x00000000fac00000)
  eden space 3456K,   0% used [0x00000000f8200000, 0x00000000f8200000, 0x00000000f8560000)
  from space 384K,   0% used [0x00000000f85c0000, 0x00000000f85c05b0, 0x00000000f8620000)
  to   space 384K,   0% used [0x00000000f8560000, 0x00000000f8560000, 0x00000000f85c0000)
 tenured generation   total 8268K, used 5060K [0x00000000fac00000, 0x00000000fb413000, 0x0000000100000000)
   the space 8268K,  61% used [0x00000000fac00000, 0x00000000fb0f1008, 0x00000000fb0f1200, 0x00000000fb413000)
 Metaspace       used 14147K, capacity 14468K, committed 14720K, reserved 1062912K
  class space    used 1475K, capacity 1588K, committed 1664K, reserved 1048576K
}
Event: 5263148.404 GC heap before
{Heap before GC invocations=2147487470 (full 14):
 def new generation   total 3840K, used 3457K [0x00000000f8200000, 0x00000000f8620000, 0x00000000fac00000)
  eden space 3456K, 100% used [0x00000000f8200000, 0x00000000f8560000, 0x00000000f8560000)
  from space 384K,   0% used [0x00000000f85c0000, 0x00000000f85c05b0, 0x00000000f8620000)
  to   space 384K,   0% used [0x00000000f8560000, 0x00000000f8560000, 0x00000000f85c0000)
 tenured generation   total 8268K, used 5060K [0x00000000fac00000, 0x00000000fb413000, 0x0000000100000000)
   the space 8268K,  61% used [0x00000000fac00000, 0x00000000fb0f1008, 0x00000000fb0f1200, 0x00000000fb413000)
 Metaspace       used 14147K, capacity 14468K, committed 14720K, reserved 1062912K
  class space    used 1475K, capacity 1588K, committed 1664K, reserved 1048576K
}
Event: 5263148.404 GC heap after
{Heap after GC invocations=2147487471 (full 14):
 def new generation   total 3840K, used 1K [0x00000000f8200000, 0x00000000f8620000, 0x00000000fac00000)
  eden space 3456K,   0% used [0x00000000f8200000, 0x00000000f8200000, 0x00000000f8560000)
  from space 384K,   0% used [0x00000000f8560000, 0x00000000f85605b0, 0x00000000f85c0000)
  to   space 384K,   0% used [0x00000000f85c0000, 0x00000000f85c0000, 0x00000000f8620000)
 tenured generation   total 8268K, used 5060K [0x00000000fac00000, 0x00000000fb413000, 0x0000000100000000)
   the space 8268K,  61% used [0x00000000fac00000, 0x00000000fb0f1008, 0x00000000fb0f1200, 0x00000000fb413000)
 Metaspace       used 14147K, capacity 14468K, committed 14720K, reserved 1062912K
  class space    used 1475K, capacity 1588K, committed 1664K, reserved 1048576K
}
Event: 5263148.406 GC heap before
{Heap before GC invocations=2147487471 (full 14):
 def new generation   total 3840K, used 3457K [0x00000000f8200000, 0x00000000f8620000, 0x00000000fac00000)
  eden space 3456K, 100% used [0x00000000f8200000, 0x00000000f8560000, 0x00000000f8560000)
  from space 384K,   0% used [0x00000000f8560000, 0x00000000f85605b0, 0x00000000f85c0000)
  to   space 384K,   0% used [0x00000000f85c0000, 0x00000000f85c0000, 0x00000000f8620000)
 tenured generation   total 8268K, used 5060K [0x00000000fac00000, 0x00000000fb413000, 0x0000000100000000)
   the space 8268K,  61% used [0x00000000fac00000, 0x00000000fb0f1008, 0x00000000fb0f1200, 0x00000000fb413000)
 Metaspace       used 14147K, capacity 14468K, committed 14720K, reserved 1062912K
  class space    used 1475K, capacity 1588K, committed 1664K, reserved 1048576K
}
Event: 5263148.406 GC heap after
{Heap after GC invocations=2147487472 (full 14):
 def new generation   total 3840K, used 1K [0x00000000f8200000, 0x00000000f8620000, 0x00000000fac00000)
  eden space 3456K,   0% used [0x00000000f8200000, 0x00000000f8200000, 0x00000000f8560000)
  from space 384K,   0% used [0x00000000f85c0000, 0x00000000f85c0440, 0x00000000f8620000)
  to   space 384K,   0% used [0x00000000f8560000, 0x00000000f8560000, 0x00000000f85c0000)
 tenured generation   total 8268K, used 5060K [0x00000000fac00000, 0x00000000fb413000, 0x0000000100000000)
   the space 8268K,  61% used [0x00000000fac00000, 0x00000000fb0f1008, 0x00000000fb0f1200, 0x00000000fb413000)
 Metaspace       used 14147K, capacity 14468K, committed 14720K, reserved 1062912K
  class space    used 1475K, capacity 1588K, committed 1664K, reserved 1048576K
}
Event: 5263148.409 GC heap before
{Heap before GC invocations=2147487472 (full 14):
 def new generation   total 3840K, used 3457K [0x00000000f8200000, 0x00000000f8620000, 0x00000000fac00000)
  eden space 3456K, 100% used [0x00000000f8200000, 0x00000000f8560000, 0x00000000f8560000)
  from space 384K,   0% used [0x00000000f85c0000, 0x00000000f85c0440, 0x00000000f8620000)
  to   space 384K,   0% used [0x00000000f8560000, 0x00000000f8560000, 0x00000000f85c0000)
 tenured generation   total 8268K, used 5060K [0x00000000fac00000, 0x00000000fb413000, 0x0000000100000000)
   the space 8268K,  61% used [0x00000000fac00000, 0x00000000fb0f1008, 0x00000000fb0f1200, 0x00000000fb413000)
 Metaspace       used 14147K, capacity 14468K, committed 14720K, reserved 1062912K
  class space    used 1475K, capacity 1588K, committed 1664K, reserved 1048576K
}
Event: 5263148.409 GC heap after
{Heap after GC invocations=2147487473 (full 14):
 def new generation   total 3840K, used 0K [0x00000000f8200000, 0x00000000f8620000, 0x00000000fac00000)
  eden space 3456K,   0% used [0x00000000f8200000, 0x00000000f8200000, 0x00000000f8560000)
  from space 384K,   0% used [0x00000000f8560000, 0x00000000f8560238, 0x00000000f85c0000)
  to   space 384K,   0% used [0x00000000f85c0000, 0x00000000f85c0000, 0x00000000f8620000)
 tenured generation   total 8268K, used 5060K [0x00000000fac00000, 0x00000000fb413000, 0x0000000100000000)
   the space 8268K,  61% used [0x00000000fac00000, 0x00000000fb0f1008, 0x00000000fb0f1200, 0x00000000fb413000)
 Metaspace       used 14147K, capacity 14468K, committed 14720K, reserved 1062912K
  class space    used 1475K, capacity 1588K, committed 1664K, reserved 1048576K
}

