# JRE version: OpenJDK Runtime Environment (14.0.1+7) (build 14.0.1+7-Ubuntu-1ubuntu1)
# Java VM: OpenJDK 64-Bit Server VM (14.0.1+7-Ubuntu-1ubuntu1, mixed mode, sharing, tiered, compressed oops, serial gc, linux-amd64)
Heap:
 def new generation   total 3712K, used 3329K [0x00000000f8200000, 0x00000000f8600000, 0x00000000fac00000)
  eden space 3328K, 100% used [0x00000000f8200000, 0x00000000f8540000, 0x00000000f8540000)
  from space 384K,   0% used [0x00000000f85a0000, 0x00000000f85a0440, 0x00000000f8600000)
  to   space 384K,   0% used [0x00000000f8540000, 0x00000000f8540000, 0x00000000f85a0000)
 tenured generation   total 8024K, used 5123K [0x00000000fac00000, 0x00000000fb3d6000, 0x0000000100000000)
   the space 8024K,  63% used [0x00000000fac00000, 0x00000000fb100fb0, 0x00000000fb101000, 0x00000000fb3d6000)
 Metaspace       used 13861K, capacity 14125K, committed 14464K, reserved 1062912K
  class space    used 1473K, capacity 1587K, committed 1664K, reserved 1048576K
GC Heap History (20 events):
Event: 5207268.228 GC heap before
{Heap before GC invocations=2147487464 (full 14):
 def new generation   total 3712K, used 3328K [0x00000000f8200000, 0x00000000f8600000, 0x00000000fac00000)
  eden space 3328K, 100% used [0x00000000f8200000, 0x00000000f8540000, 0x00000000f8540000)
  from space 384K,   0% used [0x00000000f85a0000, 0x00000000f85a0350, 0x00000000f8600000)
  to   space 384K,   0% used [0x00000000f8540000, 0x00000000f8540000, 0x00000000f85a0000)
 tenured generation   total 8024K, used 5123K [0x00000000fac00000, 0x00000000fb3d6000, 0x0000000100000000)
   the space 8024K,  63% used [0x00000000fac00000, 0x00000000fb100fb0, 0x00000000fb101000, 0x00000000fb3d6000)
 Metaspace       used 13861K, capacity 14125K, committed 14464K, reserved 1062912K
  class space    used 1473K, capacity 1587K, committed 1664K, reserved 1048576K
}
Event: 5207268.229 GC heap after
{Heap after GC invocations=2147487465 (full 14):
 def new generation   total 3712K, used 0K [0x00000000f8200000, 0x00000000f8600000, 0x00000000fac00000)
  eden space 3328K,   0% used [0x00000000f8200000, 0x00000000f8200000, 0x00000000f8540000)
  from space 384K,   0% used [0x00000000f8540000, 0x00000000f8540120, 0x00000000f85a0000)
  to   space 384K,   0% used [0x00000000f85a0000, 0x00000000f85a0000, 0x00000000f8600000)
 tenured generation   total 8024K, used 5123K [0x00000000fac00000, 0x00000000fb3d6000, 0x0000000100000000)
   the space 8024K,  63% used [0x00000000fac00000, 0x00000000fb100fb0, 0x00000000fb101000, 0x00000000fb3d6000)
 Metaspace       used 13861K, capacity 14125K, committed 14464K, reserved 1062912K
  class space    used 1473K, capacity 1587K, committed 1664K, reserved 1048576K
}
Event: 5207268.231 GC heap before
{Heap before GC invocations=2147487465 (full 14):
 def new generation   total 3712K, used 3328K [0x00000000f8200000, 0x00000000f8600000, 0x00000000fac00000)
  eden space 3328K, 100% used [0x00000000f8200000, 0x00000000f8540000, 0x00000000f8540000)
  from space 384K,   0% used [0x00000000f8540000, 0x00000000f8540120, 0x00000000f85a0000)
  to   space 384K,   0% used [0x00000000f85a0000, 0x00000000f85a0000, 0x00000000f8600000)
 tenured generation   total 8024K, used 5123K [0x00000000fac00000, 0x00000000fb3d6000, 0x0000000100000000)
   the space 8024K,  63% used [0x00000000fac00000, 0x00000000fb100fb0, 0x00000000fb101000, 0x00000000fb3d6000)
 Metaspace       used 13861K, capacity 14125K, committed 14464K, reserved 1062912K
  class space    used 1473K, capacity 1587K, committed 1664K, reserved 1048576K
}
Event: 5207268.231 GC heap after
{Heap after GC invocations=2147487466 (full 14):
 def new generation   total 3712K, used 1K [0x00000000f8200000, 0x00000000f8600000, 0x00000000fac00000)
  eden space 3328K,   0% used [0x00000000f8200000, 0x00000000f8200000, 0x00000000f8540000)
  from space 384K,   0% used [0x00000000f85a0000, 0x00000000f85a06a0, 0x00000000f8600000)
  to   space 384K,   0% used [0x00000000f8540000, 0x00000000f8540000, 0x00000000f85a0000)
 tenured generation   total 8024K, used 5123K [0x00000000fac00000, 0x00000000fb3d6000, 0x0000000100000000)
   the space 8024K,  63% used [0x00000000fac00000, 0x00000000fb100fb0, 0x00000000fb101000, 0x00000000fb3d6000)
 Metaspace       used 13861K, capacity 14125K, committed 14464K, reserved 1062912K
  class space    used 1473K, capacity 1587K, committed 1664K, reserved 1048576K
}
Event: 5207268.233 GC heap before
{Heap before GC invocations=2147487466 (full 14):
 def new generation   total 3712K, used 3329K [0x00000000f8200000, 0x00000000f8600000, 0x00000000fac00000)
  eden space 3328K, 100% used [0x00000000f8200000, 0x00000000f8540000, 0x00000000f8540000)
  from space 384K,   0% used [0x00000000f85a0000, 0x00000000f85a06a0, 0x00000000f8600000)
  to   space 384K,   0% used [0x00000000f8540000, 0x00000000f8540000, 0x00000000f85a0000)
 tenured generation   total 8024K, used 5123K [0x00000000fac00000, 0x00000000fb3d6000, 0x0000000100000000)
   the space 8024K,  63% used [0x00000000fac00000, 0x00000000fb100fb0, 0x00000000fb101000, 0x00000000fb3d6000)
 Metaspace       used 13861K, capacity 14125K, committed 14464K, reserved 1062912K
  class space    used 1473K, capacity 1587K, committed 1664K, reserved 1048576K
}
Event: 5207268.233 GC heap after
{Heap after GC invocations=2147487467 (full 14):
 def new generation   total 3712K, used 1K [0x00000000f8200000, 0x00000000f8600000, 0x00000000fac00000)
  eden space 3328K,   0% used [0x00000000f8200000, 0x00000000f8200000, 0x00000000f8540000)
  from space 384K,   0% used [0x00000000f8540000, 0x00000000f8540440, 0x00000000f85a0000)
  to   space 384K,   0% used [0x00000000f85a0000, 0x00000000f85a0000, 0x00000000f8600000)
 tenured generation   total 8024K, used 5123K [0x00000000fac00000, 0x00000000fb3d6000, 0x0000000100000000)
   the space 8024K,  63% used [0x00000000fac00000, 0x00000000fb100fb0, 0x00000000fb101000, 0x00000000fb3d6000)
 Metaspace       used 13861K, capacity 14125K, committed 14464K, reserved 1062912K
  class space    used 1473K, capacity 1587K, committed 1664K, reserved 1048576K
}
Event: 5207268.236 GC heap before
{Heap before GC invocations=2147487467 (full 14):
 def new generation   total 3712K, used 3329K [0x00000000f8200000, 0x00000000f8600000, 0x00000000fac00000)
  eden space 3328K, 100% used [0x00000000f8200000, 0x00000000f8540000, 0x00000000f8540000)
  from space 384K,   0% used [0x00000000f8540000, 0x00000000f8540440, 0x00000000f85a0000)
  to   space 384K,   0% used [0x00000000f85a0000, 0x00000000f85a0000, 0x00000000f8600000)
 tenured generation   total 8024K, used 5123K [0x00000000fac00000, 0x00000000fb3d6000, 0x0000000100000000)
   the space 8024K,  63% used [0x00000000fac00000, 0x00000000fb100fb0, 0x00000000fb101000, 0x00000000fb3d6000)
 Metaspace       used 13861K, capacity 14125K, committed 14464K, reserved 1062912K
  class space    used 1473K, capacity 1587K, committed 1664K, reserved 1048576K
}
Event: 5207268.236 GC heap after
{Heap after GC invocations=2147487468 (full 14):
 def new generation   total 3712K, used 0K [0x00000000f8200000, 0x00000000f8600000, 0x00000000fac00000)
  eden space 3328K,   0% used [0x00000000f8200000, 0x00000000f8200000, 0x00000000f8540000)
  from space 384K,   0% used [0x00000000f85a0000, 0x00000000f85a0290, 0x00000000f8600000)
  to   space 384K,   0% used [0x00000000f8540000, 0x00000000f8540000, 0x00000000f85a0000)
 tenured generation   total 8024K, used 5123K [0x00000000fac00000, 0x00000000fb3d6000, 0x0000000100000000)
   the space 8024K,  63% used [0x00000000fac00000, 0x00000000fb100fb0, 0x00000000fb101000, 0x00000000fb3d6000)
 Metaspace       used 13861K, capacity 14125K, committed 14464K, reserved 1062912K
  class space    used 1473K, capacity 1587K, committed 1664K, reserved 1048576K
}
Event: 5207268.238 GC heap before
{Heap before GC invocations=2147487468 (full 14):
 def new generation   total 3712K, used 3328K [0x00000000f8200000, 0x00000000f8600000, 0x00000000fac00000)
  eden space 3328K, 100% used [0x00000000f8200000, 0x00000000f8540000, 0x00000000f8540000)
  from space 384K,   0% used [0x00000000f85a0000, 0x00000000f85a0290, 0x00000000f8600000)
  to   space 384K,   0% used [0x00000000f8540000, 0x00000000f8540000, 0x00000000f85a0000)
 tenured generation   total 8024K, used 5123K [0x00000000fac00000, 0x00000000fb3d6000, 0x0000000100000000)
   the space 8024K,  63% used [0x00000000fac00000, 0x00000000fb100fb0, 0x00000000fb101000, 0x00000000fb3d6000)
 Metaspace       used 13861K, capacity 14125K, committed 14464K, reserved 1062912K
  class space    used 1473K, capacity 1587K, committed 1664K, reserved 1048576K
}
Event: 5207268.238 GC heap after
{Heap after GC invocations=2147487469 (full 14):
 def new generation   total 3712K, used 1K [0x00000000f8200000, 0x00000000f8600000, 0x00000000fac00000)
  eden space 3328K,   0% used [0x00000000f8200000, 0x00000000f8200000, 0x00000000f8540000)
  from space 384K,   0% used [0x00000000f8540000, 0x00000000f85406e0, 0x00000000f85a0000)
  to   space 384K,   0% used [0x00000000f85a0000, 0x00000000f85a0000, 0x00000000f8600000)
 tenured generation   total 8024K, used 5123K [0x00000000fac00000, 0x00000000fb3d6000, 0x0000000100000000)
   the space 8024K,  63% used [0x00000000fac00000, 0x00000000fb100fb0, 0x00000000fb101000, 0x00000000fb3d6000)
 Metaspace       used 13861K, capacity 14125K, committed 14464K, reserved 1062912K
  class space    used 1473K, capacity 1587K, committed 1664K, reserved 1048576K
}
Event: 5207268.240 GC heap before
{Heap before GC invocations=2147487469 (full 14):
 def new generation   total 3712K, used 3329K [0x00000000f8200000, 0x00000000f8600000, 0x00000000fac00000)
  eden space 3328K, 100% used [0x00000000f8200000, 0x00000000f8540000, 0x00000000f8540000)
  from space 384K,   0% used [0x00000000f8540000, 0x00000000f85406e0, 0x00000000f85a0000)
  to   space 384K,   0% used [0x00000000f85a0000, 0x00000000f85a0000, 0x00000000f8600000)
 tenured generation   total 8024K, used 5123K [0x00000000fac00000, 0x00000000fb3d6000, 0x0000000100000000)
   the space 8024K,  63% used [0x00000000fac00000, 0x00000000fb100fb0, 0x00000000fb101000, 0x00000000fb3d6000)
 Metaspace       used 13861K, capacity 14125K, committed 14464K, reserved 1062912K
  class space    used 1473K, capacity 1587K, committed 1664K, reserved 1048576K
}
Event: 5207268.241 GC heap after
{Heap after GC invocations=2147487470 (full 14):
 def new generation   total 3712K, used 1K [0x00000000f8200000, 0x00000000f8600000, 0x00000000fac00000)
  eden space 3328K,   0% used [0x00000000f8200000, 0x00000000f8200000, 0x00000000f8540000)
  from space 384K,   0% used [0x00000000f85a0000, 0x00000000f85a05b0, 0x00000000f8600000)
  to   space 384K,   0% used [0x00000000f8540000, 0x00000000f8540000, 0x00000000f85a0000)
 tenured generation   total 8024K, used 5123K [0x00000000fac00000, 0x00000000fb3d6000, 0x0000000100000000)
   the space 8024K,  63% used [0x00000000fac00000, 0x00000000fb100fb0, 0x00000000fb101000, 0x00000000fb3d6000)
 Metaspace       used 13861K, capacity 14125K, committed 14464K, reserved 1062912K
  class space    used 1473K, capacity 1587K, committed 1664K, reserved 1048576K
}
Event: 5207268.243 GC heap before
{Heap before GC invocations=2147487470 (full 14):
 def new generation   total 3712K, used 3329K [0x00000000f8200000, 0x00000000f8600000, 0x00000000fac00000)
  eden space 3328K, 100% used [0x00000000f8200000, 0x00000000f8540000, 0x00000000f8540000)
  from space 384K,   0% used [0x00000000f85a0000, 0x00000000f85a05b0, 0x00000000f8600000)
  to   space 384K,   0% used [0x00000000f8540000, 0x00000000f8540000, 0x00000000f85a0000)
 tenured generation   total 8024K, used 5123K [0x00000000fac00000, 0x00000000fb3d6000, 0x0000000100000000)
   the space 8024K,  63% used [0x00000000fac00000, 0x00000000fb100fb0, 0x00000000fb101000, 0x00000000fb3d6000)
 Metaspace       used 13861K, capacity 14125K, committed 14464K, reserved 1062912K
  class space    used 1473K, capacity 1587K, committed 1664K, reserved 1048576K
}
Event: 5207268.243 GC heap after
{Heap after GC invocations=2147487471 (full 14):
 def new generation   total 3712K, used 0K [0x00000000f8200000, 0x00000000f8600000, 0x00000000fac00000)
  eden space 3328K,   0% used [0x00000000f8200000, 0x00000000f8200000, 0x00000000f8540000)
  from space 384K,   0% used [0x00000000f8540000, 0x00000000f8540350, 0x00000000f85a0000)
  to   space 384K,   0% used [0x00000000f85a0000, 0x00000000f85a0000, 0x00000000f8600000)
 tenured generation   total 8024K, used 5123K [0x00000000fac00000, 0x00000000fb3d6000, 0x0000000100000000)
   the space 8024K,  63% used [0x00000000fac00000, 0x00000000fb100fb0, 0x00000000fb101000, 0x00000000fb3d6000)
 Metaspace       used 13861K, capacity 14125K, committed 14464K, reserved 1062912K
  class space    used 1473K, capacity 1587K, committed 1664K, reserved 1048576K
}
Event: 5207268.245 GC heap before
{Heap before GC invocations=2147487471 (full 14):
 def new generation   total 3712K, used 3328K [0x00000000f8200000, 0x00000000f8600000, 0x00000000fac00000)
  eden space 3328K, 100% used [0x00000000f8200000, 0x00000000f8540000, 0x00000000f8540000)
  from space 384K,   0% used [0x00000000f8540000, 0x00000000f8540350, 0x00000000f85a0000)
  to   space 384K,   0% used [0x00000000f85a0000, 0x00000000f85a0000, 0x00000000f8600000)
 tenured generation   total 8024K, used 5123K [0x00000000fac00000, 0x00000000fb3d6000, 0x0000000100000000)
   the space 8024K,  63% used [0x00000000fac00000, 0x00000000fb100fb0, 0x00000000fb101000, 0x00000000fb3d6000)
 Metaspace       used 13861K, capacity 14125K, committed 14464K, reserved 1062912K
  class space    used 1473K, capacity 1587K, committed 1664K, reserved 1048576K
}
Event: 5207268.246 GC heap after
{Heap after GC invocations=2147487472 (full 14):
 def new generation   total 3712K, used 0K [0x00000000f8200000, 0x00000000f8600000, 0x00000000fac00000)
  eden space 3328K,   0% used [0x00000000f8200000, 0x00000000f8200000, 0x00000000f8540000)
  from space 384K,   0% used [0x00000000f85a0000, 0x00000000f85a0120, 0x00000000f8600000)
  to   space 384K,   0% used [0x00000000f8540000, 0x00000000f8540000, 0x00000000f85a0000)
 tenured generation   total 8024K, used 5123K [0x00000000fac00000, 0x00000000fb3d6000, 0x0000000100000000)
   the space 8024K,  63% used [0x00000000fac00000, 0x00000000fb100fb0, 0x00000000fb101000, 0x00000000fb3d6000)
 Metaspace       used 13861K, capacity 14125K, committed 14464K, reserved 1062912K
  class space    used 1473K, capacity 1587K, committed 1664K, reserved 1048576K
}
Event: 5207268.248 GC heap before
{Heap before GC invocations=2147487472 (full 14):
 def new generation   total 3712K, used 3328K [0x00000000f8200000, 0x00000000f8600000, 0x00000000fac00000)
  eden space 3328K, 100% used [0x00000000f8200000, 0x00000000f8540000, 0x00000000f8540000)
  from space 384K,   0% used [0x00000000f85a0000, 0x00000000f85a0120, 0x00000000f8600000)
  to   space 384K,   0% used [0x00000000f8540000, 0x00000000f8540000, 0x00000000f85a0000)
 tenured generation   total 8024K, used 5123K [0x00000000fac00000, 0x00000000fb3d6000, 0x0000000100000000)
   the space 8024K,  63% used [0x00000000fac00000, 0x00000000fb100fb0, 0x00000000fb101000, 0x00000000fb3d6000)
 Metaspace       used 13861K, capacity 14125K, committed 14464K, reserved 1062912K
  class space    used 1473K, capacity 1587K, committed 1664K, reserved 1048576K
}
Event: 5207268.248 GC heap after
{Heap after GC invocations=2147487473 (full 14):
 def new generation   total 3712K, used 1K [0x00000000f8200000, 0x00000000f8600000, 0x00000000fac00000)
  eden space 3328K,   0% used [0x00000000f8200000, 0x00000000f8200000, 0x00000000f8540000)
  from space 384K,   0% used [0x00000000f8540000, 0x00000000f85406a0, 0x00000000f85a0000)
  to   space 384K,   0% used [0x00000000f85a0000, 0x00000000f85a0000, 0x00000000f8600000)
 tenured generation   total 8024K, used 5123K [0x00000000fac00000, 0x00000000fb3d6000, 0x0000000100000000)
   the space 8024K,  63% used [0x00000000fac00000, 0x00000000fb100fb0, 0x00000000fb101000, 0x00000000fb3d6000)
 Metaspace       used 13861K, capacity 14125K, committed 14464K, reserved 1062912K
  class space    used 1473K, capacity 1587K, committed 1664K, reserved 1048576K
}
Event: 5207268.250 GC heap before
{Heap before GC invocations=2147487473 (full 14):
 def new generation   total 3712K, used 3329K [0x00000000f8200000, 0x00000000f8600000, 0x00000000fac00000)
  eden space 3328K, 100% used [0x00000000f8200000, 0x00000000f8540000, 0x00000000f8540000)
  from space 384K,   0% used [0x00000000f8540000, 0x00000000f85406a0, 0x00000000f85a0000)
  to   space 384K,   0% used [0x00000000f85a0000, 0x00000000f85a0000, 0x00000000f8600000)
 tenured generation   total 8024K, used 5123K [0x00000000fac00000, 0x00000000fb3d6000, 0x0000000100000000)
   the space 8024K,  63% used [0x00000000fac00000, 0x00000000fb100fb0, 0x00000000fb101000, 0x00000000fb3d6000)
 Metaspace       used 13861K, capacity 14125K, committed 14464K, reserved 1062912K
  class space    used 1473K, capacity 1587K, committed 1664K, reserved 1048576K
}
Event: 5207268.251 GC heap after
{Heap after GC invocations=2147487474 (full 14):
 def new generation   total 3712K, used 1K [0x00000000f8200000, 0x00000000f8600000, 0x00000000fac00000)
  eden space 3328K,   0% used [0x00000000f8200000, 0x00000000f8200000, 0x00000000f8540000)
  from space 384K,   0% used [0x00000000f85a0000, 0x00000000f85a0440, 0x00000000f8600000)
  to   space 384K,   0% used [0x00000000f8540000, 0x00000000f8540000, 0x00000000f85a0000)
 tenured generation   total 8024K, used 5123K [0x00000000fac00000, 0x00000000fb3d6000, 0x0000000100000000)
   the space 8024K,  63% used [0x00000000fac00000, 0x00000000fb100fb0, 0x00000000fb101000, 0x00000000fb3d6000)
 Metaspace       used 13861K, capacity 14125K, committed 14464K, reserved 1062912K
  class space    used 1473K, capacity 1587K, committed 1664K, reserved 1048576K
}

